make all --print-data-base --no-builtin-variables --no-builtin-rules --question
# GNU Make 3.82
# Built for x86_64-redhat-linux-gnu
# Copyright (C) 2010  Free Software Foundation, Inc.
# License GPLv3+: GNU GPL version 3 or later <http://gnu.org/licenses/gpl.html>
# This is free software: you are free to change and redistribute it.
# There is NO WARRANTY, to the extent permitted by law.
 

# Make data base, printed on Wed Jun 29 11:17:56 2022

# Variables

# automatic
<D = $(patsubst %/,%,$(dir $<))
# automatic
?F = $(notdir $?)
# default
.SHELLFLAGS := -c
# environment
VSCODE_AGENT_FOLDER = /root/.vscode-server
# environment
VSCODE_LOG_NATIVE = false
# makefile (from `makefile', line 8)
MYSQLINCL = -I/usr/local/mysql/include  -I/project/public/db/mysql
# automatic
?D = $(patsubst %/,%,$(dir $?))
# automatic
@D = $(patsubst %/,%,$(dir $@))
# automatic
@F = $(notdir $@)
# default
MAKE_VERSION := 3.82
# makefile
CURDIR := /project/tools/c
# makefile
SHELL = /bin/sh
# environment
VSCODE_NLS_CONFIG = {"locale":"zh-cn","availableLanguages":{}}
# environment
_ = /usr/bin/make
# makefile (from `makefile', line 33)
CFLAGS = -g
# makefile (from `makefile', line 1)
MAKEFILE_LIST :=  makefile
# makefile (from `makefile', line 17)
MYSQLCPP = /project/public/db/mysql/_mysql.cpp
# environment
VSCODE_VERBOSE_LOGGING = true
# makefile (from `makefile', line 29)
ORACPP = /project/public/db/oracle/_ooci.cpp
# environment
LESSOPEN = ||/usr/bin/lesspipe.sh %s
# environment
VSCODE_CWD = /root
# makefile (from `makefile', line 14)
MYSQLLIBS = -lmysqlclient
# environment
SSH_CONNECTION = 111.199.65.64 60863 10.0.8.11 22
# environment
PATH = /root/.vscode-server/bin/30d9c6cd9483b2cc586687151bcbcd635f373630/bin/remote-cli:/usr/local/sbin:/usr/local/bin:/usr/sbin:/usr/bin:/root/bin
# environment
XDG_RUNTIME_DIR = /run/user/0
# environment
VSCODE_LOG_STACK = false
# makefile (from `makefile', line 26)
ORALIBS = -lclntsh
# default
.FEATURES := target-specific order-only second-expansion else-if shortest-stem undefine oneshell archives jobserver check-symlink
# automatic
%F = $(notdir $%)
# environment
VSCODE_PIPE_LOGGING = true
# environment
PWD = /project/tools/c
# environment
VSCODE_IPC_HOOK_CLI = /run/user/0/vscode-ipc-77c4e508-77f3-48d7-9f06-e2735aa86e82.sock
# automatic
*D = $(patsubst %/,%,$(dir $*))
# environment
HISTTIMEFORMAT = %F %T 
# environment
VSCODE_AMD_ENTRYPOINT = vs/workbench/api/node/extensionHostProcess
# environment
HOME = /root
# environment
LOGNAME = root
# environment
APPLICATION_INSIGHTS_NO_DIAGNOSTIC_CHANNEL = true
# automatic
+F = $(notdir $+)
# makefile (from `makefile', line 2)
PUBINCL = -I/project/public
# environment
VSCODE_HANDLES_UNCAUGHT_ERRORS = true
# automatic
^D = $(patsubst %/,%,$(dir $^))
# environment
HOSTNAME = VM-8-11-centos
# environment
MAKELEVEL := 0
# default
MAKE = $(MAKE_COMMAND)
# default
MAKECMDGOALS := all
# makefile (from `makefile', line 5)
PUBCPP = /project/public/_public.cpp
# environment
SHLVL = 5
# environment
XDG_SESSION_ID = 13041
# environment
USER = root
# makefile
.DEFAULT_GOAL := all
# automatic
%D = $(patsubst %/,%,$(dir $%))
# makefile (from `makefile', line 20)
ORAINCL = -I$(ORACLE_HOME)/rdbms/public -I/project/public/db/oracle
# default
MAKE_COMMAND := make
# default
.VARIABLES := 
# automatic
*F = $(notdir $*)
# makefile (from `makefile', line 11)
MYSQLLIB = -L/usr/local/mysql/lib
# makefile
MAKEFLAGS = Rrqp
# environment
MFLAGS = -Rrqp
# environment
SSH_CLIENT = 111.199.65.64 60863 22
# environment
MAIL = /var/spool/mail/root
# automatic
+D = $(patsubst %/,%,$(dir $+))
# environment
BROWSER = /root/.vscode-server/bin/30d9c6cd9483b2cc586687151bcbcd635f373630/bin/helpers/browser.sh
# environment
VSCODE_HANDLES_SIGPIPE = true
# makefile (from `makefile', line 23)
ORALIB = -L$(ORACLE_HOME)/lib -L.
# default
MAKEFILES := 
# environment
PROMPT_COMMAND = history -a; history -a; 
# automatic
<F = $(notdir $<)
# environment
TST_HACK_BASH_SESSION_ID = 87863802446945
# environment
LC_ALL = C
# automatic
^F = $(notdir $^)
# default
SUFFIXES := 
# environment
HISTSIZE = 3000
# default
.INCLUDE_DIRS = /usr/include /usr/local/include /usr/include
# default
.RECIPEPREFIX := 
# environment
LANG = C
# environment
VSCODE_EXTHOST_WILL_SEND_SOCKET = true
# variable set hash-table stats:
# Load=77/1024=8%, Rehash=0, Collisions=8/102=8%

# Pattern-specific Variable Values

# No pattern-specific variable values.

# Directories

# . (device 64769, inode 1573053): 73 files, no impossibilities.

# 73 files, no impossibilities in 1 directories.

# Implicit Rules

# No implicit rules.

# Files

# Not a target:
_tools.cpp:
#  Implicit rule search has not been done.
#  Modification time never checked.
#  File has not been updated.

dminingmysql: dminingmysql.cpp
#  Implicit rule search has not been done.
#  Modification time never checked.
#  File has not been updated.
#  recipe to execute (from `makefile', line 82):
	g++ $(CFLAGS) -o dminingmysql dminingmysql.cpp $(PUBINCL) $(PUBCPP) $(MYSQLINCL) $(MYSQLLIB) $(MYSQLLIBS) $(MYSQLCPP) -lm -lc
	cp dminingmysql ../bin/.

ftpgetfiles: ftpgetfiles.cpp
#  Implicit rule search has not been done.
#  Modification time never checked.
#  File has not been updated.
#  recipe to execute (from `makefile', line 58):
	g++ $(CFLAGS) -o ftpgetfiles ftpgetfiles.cpp $(PUBINCL) $(PUBCPP) /project/public/libftp.a /project/public/_ftp.cpp -lm -lc
	cp ftpgetfiles ../bin/.

# Not a target:
fileserver.cpp:
#  Implicit rule search has not been done.
#  Modification time never checked.
#  File has not been updated.

# Not a target:
rinetd.cpp:
#  Implicit rule search has not been done.
#  Modification time never checked.
#  File has not been updated.

# Not a target:
syncincrementex.cpp:
#  Implicit rule search has not been done.
#  Modification time never checked.
#  File has not been updated.

migratetable: migratetable.cpp _tools.h _tools.cpp
#  Implicit rule search has not been done.
#  Modification time never checked.
#  File has not been updated.
#  recipe to execute (from `makefile', line 134):
	g++ $(CFLAGS) -o migratetable migratetable.cpp _tools.cpp $(PUBINCL) $(PUBCPP) $(MYSQLINCL) $(MYSQLLIB) $(MYSQLLIBS) $(MYSQLCPP) -lm -lc
	cp migratetable ../bin/.

all: procctl checkproc gzipfiles deletefiles ftpgetfiles ftpputfiles tcpputfiles fileserver tcpgetfiles execsql dminingmysql xmltodb syncupdate syncincrement syncincrementex deletetable migratetable xmltodb_oracle deletetable_oracle migratetable_oracle dminingoracle syncupdate_oracle syncincrement_oracle syncincrementex_oracle webserver inetd rinetd rinetdin
#  Command line target.
#  Implicit rule search has been done.
#  File does not exist.
#  File has been updated.
#  Needs to be updated (-q is set).
# variable set hash-table stats:
# Load=0/32=0%, Rehash=0, Collisions=0/3=0%

# Not a target:
syncupdate_oracle.cpp:
#  Implicit rule search has not been done.
#  Modification time never checked.
#  File has not been updated.

# Not a target:
syncincrementex_oracle.cpp:
#  Implicit rule search has not been done.
#  Modification time never checked.
#  File has not been updated.

dminingoracle: dminingoracle.cpp
#  Implicit rule search has not been done.
#  Modification time never checked.
#  File has not been updated.
#  recipe to execute (from `makefile', line 98):
	g++ $(CFLAGS) -o dminingoracle dminingoracle.cpp $(PUBINCL) $(PUBCPP) $(ORAINCL) $(ORALIB) $(ORALIBS) $(ORACPP) -lm -lc
	cp dminingoracle ../bin/.

deletetable_oracle: deletetable_oracle.cpp
#  Implicit rule search has not been done.
#  Modification time never checked.
#  File has not been updated.
#  recipe to execute (from `makefile', line 94):
	g++ $(CFLAGS) -o deletetable_oracle deletetable_oracle.cpp $(PUBINCL) $(PUBCPP) $(ORAINCL) $(ORALIB) $(ORALIBS) $(ORACPP) -lm -lc
	cp deletetable_oracle ../bin/.

webserver: webserver.cpp
#  Implicit rule search has not been done.
#  Modification time never checked.
#  File has not been updated.
#  recipe to execute (from `makefile', line 138):
	g++ $(CFLAGS) -o webserver webserver.cpp $(PUBINCL) $(PUBCPP) $(ORAINCL) $(ORALIB) $(ORALIBS) $(ORACPP) -lpthread -lm -lc
	cp webserver ../bin/.

# Not a target:
ftpputfiles.cpp:
#  Implicit rule search has not been done.
#  Modification time never checked.
#  File has not been updated.

# Not a target:
syncincrement_oracle.cpp:
 
#  Implicit rule search has not been done.
#  Modification time never checked.
#  File has not been updated.

# Not a target:
.SUFFIXES:
#  Implicit rule search has not been done.
#  Modification time never checked.
#  File has not been updated.

# Not a target:
xmltodb_oracle.cpp:
#  Implicit rule search has not been done.
#  Modification time never checked.
#  File has not been updated.

deletefiles: deletefiles.cpp
#  Implicit rule search has not been done.
#  Modification time never checked.
#  File has not been updated.
#  recipe to execute (from `makefile', line 54):
	g++ $(CFLAGS) -o deletefiles deletefiles.cpp $(PUBINCL) $(PUBCPP) -lm -lc
	cp deletefiles ../bin/.

checkproc: checkproc.cpp
#  Implicit rule search has not been done.
#  Modification time never checked.
#  File has not been updated.
#  recipe to execute (from `makefile', line 46):
	g++ $(CFLAGS) -o checkproc checkproc.cpp $(PUBINCL) $(PUBCPP) -lm -lc
	cp checkproc ../bin/.

# Not a target:
procctl.cpp:
#  Implicit rule search has been done.
#  Last modified 2021-07-11 09:44:08
#  File has been updated.
#  Successfully updated.

tcpgetfiles: tcpgetfiles.cpp
#  Implicit rule search has not been done.
#  Modification time never checked.
#  File has not been updated.
#  recipe to execute (from `makefile', line 74):
	g++ $(CFLAGS) -o tcpgetfiles tcpgetfiles.cpp $(PUBINCL) $(PUBCPP) -lm -lc
	cp tcpgetfiles ../bin/.

# Not a target:
syncupdate.cpp:
#  Implicit rule search has not been done.
#  Modification time never checked.
#  File has not been updated.

# Not a target:
makefile:
#  Implicit rule search has been done.
#  Last modified 2021-12-30 23:25:14
#  File has been updated.
#  Successfully updated.

deletetable: deletetable.cpp
#  Implicit rule search has not been done.
#  Modification time never checked.
#  File has not been updated.
#  recipe to execute (from `makefile', line 130):
	g++ $(CFLAGS) -o deletetable deletetable.cpp $(PUBINCL) $(PUBCPP) $(MYSQLINCL) $(MYSQLLIB) $(MYSQLLIBS) $(MYSQLCPP) -lm -lc
	cp deletetable ../bin/.

gzipfiles: gzipfiles.cpp
#  Implicit rule search has not been done.
#  Modification time never checked.
#  File has not been updated.
#  recipe to execute (from `makefile', line 50):
	g++ $(CFLAGS) -o gzipfiles gzipfiles.cpp $(PUBINCL) $(PUBCPP) -lm -lc
	cp gzipfiles ../bin/.

# Not a target:
migratetable_oracle.cpp:
#  Implicit rule search has not been done.
#  Modification time never checked.
#  File has not been updated.

# Not a target:
rinetdin.cpp:
#  Implicit rule search has not been done.
#  Modification time never checked.
#  File has not been updated.

# Not a target:
execsql.cpp:
#  Implicit rule search has not been done.
#  Modification time never checked.
#  File has not been updated.

# Not a target:
syncincrement.cpp:
#  Implicit rule search has not been done.
#  Modification time never checked.
#  File has not been updated.

fileserver: fileserver.cpp
#  Implicit rule search has not been done.
#  Modification time never checked.
#  File has not been updated.
#  recipe to execute (from `makefile', line 70):
	g++ $(CFLAGS) -o fileserver fileserver.cpp $(PUBINCL) $(PUBCPP) -lm -lc
	cp fileserver ../bin/.

# Not a target:
xmltodb.cpp:
#  Implicit rule search has not been done.
#  Modification time never checked.
#  File has not been updated.

# Not a target:
inetd.cpp:
#  Implicit rule search has not been done.
#  Modification time never checked.
#  File has not been updated.

# Not a target:
tcpputfiles.cpp:
#  Implicit rule search has not been done.
#  Modification time never checked.
#  File has not been updated.

syncupdate_oracle: syncupdate_oracle.cpp _tools_oracle.h _tools_oracle.cpp
#  Implicit rule search has not been done.
#  Modification time never checked.
#  File has not been updated.
#  recipe to execute (from `makefile', line 106):
	g++ $(CFLAGS) -o syncupdate_oracle syncupdate_oracle.cpp _tools_oracle.cpp $(PUBINCL) $(PUBCPP) $(ORAINCL) $(ORALIB) $(ORALIBS) $(ORACPP) -lm -lc
	cp syncupdate_oracle ../bin/.

syncincrementex_oracle: syncincrementex_oracle.cpp _tools_oracle.h _tools_oracle.cpp
#  Implicit rule search has not been done.
#  Modification time never checked.
#  File has not been updated.
#  recipe to execute (from `makefile', line 114):
	g++ $(CFLAGS) -o syncincrementex_oracle syncincrementex_oracle.cpp _tools_oracle.cpp $(PUBINCL) $(PUBCPP) $(ORAINCL) $(ORALIB) $(ORALIBS) $(ORACPP) -lm -lc
	cp syncincrementex_oracle ../bin/.

# Not a target:
ftpgetfiles.cpp:
#  Implicit rule search has not been done.
#  Modification time never checked.
#  File has not been updated.

# Not a target:
.DEFAULT:
#  Implicit rule search has not been done.
#  Modification time never checked.
#  File has not been updated.

# Not a target:
dminingmysql.cpp:
#  Implicit rule search has not been done.
#  Modification time never checked.
#  File has not been updated.

# Not a target:
migratetable.cpp:
#  Implicit rule search has not been done.
#  Modification time never checked.
#  File has not been updated.

rinetd: rinetd.cpp
#  Implicit rule search has not been done.
#  Modification time never checked.
#  File has not been updated.
#  recipe to execute (from `makefile', line 146):
	g++ $(CFLAGS) -o rinetd rinetd.cpp $(PUBINCL) $(PUBCPP) -lm -lc
	cp rinetd ../bin/.

ftpputfiles: ftpputfiles.cpp
#  Implicit rule search has not been done.
#  Modification time never checked.
#  File has not been updated.
#  recipe to execute (from `makefile', line 62):
	g++ $(CFLAGS) -o ftpputfiles ftpputfiles.cpp $(PUBINCL) $(PUBCPP) /project/public/libftp.a /project/public/_ftp.cpp -lm -lc
	cp ftpputfiles ../bin/.

clean:
#  Implicit rule search has not been done.
#  Modification time never checked.
#  File has not been updated.
#  recipe to execute (from `makefile', line 154):
	rm -f procctl checkproc gzipfiles deletefiles ftpgetfiles ftpputfiles tcpputfiles fileserver
	rm -f tcpgetfiles execsql dminingmysql xmltodb syncupdate syncincrement syncincrementex
	rm -f deletetable migratetable xmltodb_oracle deletetable_oracle migratetable_oracle
	rm -f dminingoracle syncupdate_oracle syncincrement_oracle syncincrementex_oracle
	rm -f webserver inetd rinetd rinetdin 

syncincrement_oracle: syncincrement_oracle.cpp _tools_oracle.h _tools_oracle.cpp
#  Implicit rule search has not been done.
#  Modification time never checked.
#  File has not been updated.
#  recipe to execute (from `makefile', line 110):
	g++ $(CFLAGS) -o syncincrement_oracle syncincrement_oracle.cpp _tools_oracle.cpp $(PUBINCL) $(PUBCPP) $(ORAINCL) $(ORALIB) $(ORALIBS) $(ORACPP) -lm -lc
	cp syncincrement_oracle ../bin/.

xmltodb_oracle: xmltodb_oracle.cpp _tools_oracle.h _tools_oracle.cpp
#  Implicit rule search has not been done.
#  Modification time never checked.
#  File has not been updated.
#  recipe to execute (from `makefile', line 90):
	g++ $(CFLAGS) -o xmltodb_oracle xmltodb_oracle.cpp _tools_oracle.cpp $(PUBINCL) $(PUBCPP) $(ORAINCL) $(ORALIB) $(ORALIBS) $(ORACPP) -lm -lc
	cp xmltodb_oracle ../bin/.

# Not a target:
dminingoracle.cpp:
#  Implicit rule search has not been done.
#  Modification time never checked.
#  File has not been updated.

# Not a target:
_tools_oracle.h:
#  Implicit rule search has not been done.
#  Modification time never checked.
#  File has not been updated.

# Not a target:
deletetable_oracle.cpp:
#  Implicit rule search has not been done.
#  Modification time never checked.
#  File has not been updated.

procctl: procctl.cpp
#  Implicit rule search has not been done.
#  Implicit/static pattern stem: `'
#  File does not exist.
#  File has been updated.
#  Needs to be updated (-q is set).
# automatic
# @ := procctl
# automatic
# % := 
# automatic
# * := 
# automatic
# + := procctl.cpp
# automatic
# | := 
# automatic
# < := procctl.cpp
# automatic
# ^ := procctl.cpp
# automatic
# ? := procctl.cpp
# variable set hash-table stats:
# Load=8/32=25%, Rehash=0, Collisions=1/11=9%
#  recipe to execute (from `makefile', line 42):
	g++ -o procctl procctl.cpp
	cp procctl ../bin/.

# Not a target:
webserver.cpp:
#  Implicit rule search has not been done.
#  Modification time never checked.
#  File has not been updated.

syncupdate: syncupdate.cpp _tools.h _tools.cpp
#  Implicit rule search has not been done.
#  Modification time never checked.
#  File has not been updated.
#  recipe to execute (from `makefile', line 118):
	g++ $(CFLAGS) -o syncupdate syncupdate.cpp _tools.cpp $(PUBINCL) $(PUBCPP) $(MYSQLINCL) $(MYSQLLIB) $(MYSQLLIBS) $(MYSQLCPP) -lm -lc
	cp syncupdate ../bin/.

syncincrementex: syncincrementex.cpp _tools.h _tools.cpp
#  Implicit rule search has not been done.
#  Modification time never checked.
#  File has not been updated.
#  recipe to execute (from `makefile', line 126):
	g++ $(CFLAGS) -o syncincrementex syncincrementex.cpp _tools.cpp $(PUBINCL) $(PUBCPP) $(MYSQLINCL) $(MYSQLLIB) $(MYSQLLIBS) $(MYSQLCPP) -lm -lc
	cp syncincrementex ../bin/.

# Not a target:
 
_tools_oracle.cpp:
#  Implicit rule search has not been done.
#  Modification time never checked.
#  File has not been updated.

migratetable_oracle: migratetable_oracle.cpp _tools_oracle.h _tools_oracle.cpp
#  Implicit rule search has not been done.
#  Modification time never checked.
#  File has not been updated.
#  recipe to execute (from `makefile', line 102):
	g++ $(CFLAGS) -o migratetable_oracle migratetable_oracle.cpp _tools_oracle.cpp $(PUBINCL) $(PUBCPP) $(ORAINCL) $(ORALIB) $(ORALIBS) $(ORACPP) -lm -lc
	cp migratetable_oracle ../bin/.

# Not a target:
deletefiles.cpp:
#  Implicit rule search has not been done.
#  Modification time never checked.
#  File has not been updated.

# Not a target:
checkproc.cpp:
#  Implicit rule search has not been done.
#  Modification time never checked.
#  File has not been updated.

# Not a target:
tcpgetfiles.cpp:
#  Implicit rule search has not been done.
#  Modification time never checked.
#  File has not been updated.

execsql: execsql.cpp
#  Implicit rule search has not been done.
#  Modification time never checked.
#  File has not been updated.
#  recipe to execute (from `makefile', line 78):
	g++ $(CFLAGS) -o execsql execsql.cpp $(PUBINCL) $(PUBCPP) $(MYSQLINCL) $(MYSQLLIB) $(MYSQLLIBS) $(MYSQLCPP) -lm -lc
	cp execsql ../bin/.

syncincrement: syncincrement.cpp _tools.h _tools.cpp
#  Implicit rule search has not been done.
#  Modification time never checked.
#  File has not been updated.
#  recipe to execute (from `makefile', line 122):
	g++ $(CFLAGS) -o syncincrement syncincrement.cpp _tools.cpp $(PUBINCL) $(PUBCPP) $(MYSQLINCL) $(MYSQLLIB) $(MYSQLLIBS) $(MYSQLCPP) -lm -lc
	cp syncincrement ../bin/.

xmltodb: xmltodb.cpp _tools.h _tools.cpp
#  Implicit rule search has not been done.
#  Modification time never checked.
#  File has not been updated.
#  recipe to execute (from `makefile', line 86):
	g++ $(CFLAGS) -o xmltodb xmltodb.cpp _tools.cpp $(PUBINCL) $(PUBCPP) $(MYSQLINCL) $(MYSQLLIB) $(MYSQLLIBS) $(MYSQLCPP) -lm -lc
	cp xmltodb ../bin/.

inetd: inetd.cpp
#  Implicit rule search has not been done.
#  Modification time never checked.
#  File has not been updated.
#  recipe to execute (from `makefile', line 142):
	g++ $(CFLAGS) -o inetd inetd.cpp $(PUBINCL) $(PUBCPP) -lm -lc
	cp inetd ../bin/.

# Not a target:
_tools.h:
#  Implicit rule search has not been done.
#  Modification time never checked.
#  File has not been updated.

rinetdin: rinetdin.cpp
#  Implicit rule search has not been done.
#  Modification time never checked.
#  File has not been updated.
#  recipe to execute (from `makefile', line 150):
	g++ $(CFLAGS) -o rinetdin rinetdin.cpp $(PUBINCL) $(PUBCPP) -lm -lc
	cp rinetdin ../bin/.

# Not a target:
deletetable.cpp:
#  Implicit rule search has not been done.
#  Modification time never checked.
#  File has not been updated.

# Not a target:
gzipfiles.cpp:
#  Implicit rule search has not been done.
#  Modification time never checked.
#  File has not been updated.

tcpputfiles: tcpputfiles.cpp
#  Implicit rule search has not been done.
#  Modification time never checked.
#  File has not been updated.
#  recipe to execute (from `makefile', line 66):
	g++ $(CFLAGS) -o tcpputfiles tcpputfiles.cpp $(PUBINCL) $(PUBCPP) -lm -lc
	cp tcpputfiles ../bin/.

# files hash-table stats:
# Load=65/1024=6%, Rehash=0, Collisions=11/181=6%
# VPATH Search Paths

# No `vpath' search paths.

# No general (`VPATH' variable) search path.

# # of strings in strcache: 0 / lookups = 219 / hits = 219
# # of strcache buffers: 1 (* 8176 B/buffer = 8176 B)
# strcache used: total = 0 (1534) / max = 0 / min = 8176 / avg = 0
# strcache free: total = 0 (6642) / max = 0 / min = 8176 / avg = 0

# strcache hash-table stats:
# Load=107/8192=1%, Rehash=0, Collisions=3/219=1%
# Finished Make data base on Wed Jun 29 11:17:56 2022

 
