make --dry-run --always-make --keep-going --print-directory
make: Entering directory `/project/public/socket'
g++ -g -o demo01 demo01.cpp -lm -lc
g++ -g -o demo02 demo02.cpp -lm -lc
g++ -g -o demo03 demo03.cpp -lm -lc
g++ -g -o demo04 demo04.cpp -lm -lc
g++ -g -o demo05 demo05.cpp ../_public.cpp -lm -lc
g++ -g -o demo06 demo06.cpp ../_public.cpp -lm -lc
g++ -g -o demo07 demo07.cpp ../_public.cpp -lm -lc
g++ -g -o demo08 demo08.cpp ../_public.cpp -lm -lc
g++ -g -o demo10 demo10.cpp ../_public.cpp -lm -lc
 
g++ -g -o demo11 demo11.cpp ../_public.cpp -lm -lc
g++ -g -o demo12 demo12.cpp ../_public.cpp -lm -lc
g++ -g -o demo13 demo13.cpp ../_public.cpp -lm -lc
g++ -g -o demo14 demo14.cpp ../_public.cpp -lm -lc
g++ -g -o demo31 demo31.cpp ../_public.cpp -lm -lc
g++ -g -o demo32 demo32.cpp ../_public.cpp -lm -lc
g++ -g -o demo33 demo33.cpp ../_public.cpp -lm -lc
g++ -g -o demo20 demo20.cpp ../_public.cpp -lpthread -lm -lc
g++ -g -o demo26 demo26.cpp ../_public.cpp -lm -lc
g++ -g -o demo27 demo27.cpp ../_public.cpp -lm -lc
g++ -g -o demo28 demo28.cpp -I/project/public /project/public/_public.cpp -I/oracle/home/rdbms/public -I/project/public/db/oracle -L/oracle/home/lib -L. -lclntsh /project/public/db/oracle/_ooci.cpp -lm -lc
g++ -g -o tcpselect tcpselect.cpp ../_public.cpp -lm -lc
g++ -g -o client client.cpp ../_public.cpp -lm -lc
g++ -g -o tcppoll tcppoll.cpp ../_public.cpp -lm -lc
g++ -g -o tcpepoll tcpepoll.cpp ../_public.cpp -lm -lc
make: Leaving directory `/project/public/socket'
 
